2017-10-25 22:52:06:710 App debug log message
2017-10-25 22:52:06:799 App info log message
2017-10-25 22:52:06:799 App warn log message
2017-10-25 22:52:06:815 User error log message
2017-10-25 22:52:06:864 User fatal log message
2017-10-25 22:52:06:908 User ala ma kota 0
2017-10-25 22:52:06:920 User ala ma kanarka
2017-10-25 22:52:06:920 User aaa
2017-10-25 22:52:06:933 User err
2017-10-25 22:52:06:933 User fff
2017-10-25 22:52:06:948 User ala ma kota 1
2017-10-25 22:52:06:948 User ala ma kanarka
2017-10-25 22:52:06:992 User aaa
2017-10-25 22:52:07:006 User err
2017-10-25 22:52:07:017 User fff
2017-10-25 22:52:07:017 User ala ma kota 2
2017-10-25 22:52:07:033 User ala ma kanarka
2017-10-25 22:52:07:043 User aaa
2017-10-25 22:52:07:085 User err
2017-10-25 22:52:07:092 User fff
