20171025_23:37:32:693  INFO LoggerExample.MainPage Sample informational message, k=20, l=100
20171025_23:37:32:740 DEBUG   App debug log message 
20171025_23:37:32:747  INFO   App info log message 
20171025_23:37:32:747  WARN   App warn log message 
20171025_23:37:32:765 DEBUG   App debug log message 
20171025_23:37:32:765  INFO   App info log message 
20171025_23:37:32:777  WARN   App warn log message 
20171025_23:37:32:777 DEBUG   App debug log message 
20171025_23:37:32:777  INFO   App info log message 
20171025_23:37:32:799  WARN   App warn log message 
20171025_23:37:32:807 DEBUG   App debug log message 
20171025_23:37:32:807  INFO   App info log message 
20171025_23:37:32:807  WARN   App warn log message 
20171025_23:37:32:914 DEBUG   App debug log message 
20171025_23:37:32:934  INFO   App info log message 
20171025_23:37:32:934  WARN   App warn log message 
20171025_23:37:32:953 DEBUG   App debug log message 
20171025_23:37:32:953  INFO   App info log message 
20171025_23:37:32:970  WARN   App warn log message 
20171025_23:37:32:970 DEBUG   App debug log message 
20171025_23:37:32:986  INFO   App info log message 
20171025_23:37:32:986  WARN   App warn log message 
20171025_23:37:33:003 DEBUG   App debug log message 
20171025_23:37:33:003  INFO   App info log message 
20171025_23:37:33:016  WARN   App warn log message 
20171025_23:37:33:016 DEBUG   App debug log message 
20171025_23:37:33:034  INFO   App info log message 
20171025_23:37:33:042  WARN   App warn log message 
20171025_23:37:33:042 DEBUG   App debug log message 
20171025_23:37:33:042  INFO   App info log message 
20171025_23:37:33:065  WARN   App warn log message 
20171025_23:37:33:074 ERROR  User error log message 
20171025_23:37:33:112 FATAL  User fatal log message
20171025_23:37:33:120 DEBUG  User debug log message
20171025_23:37:33:120  INFO  User info log message
20171025_23:37:33:139  WARN  User warn log message
20171025_23:37:33:139 ERROR  User error log message 
20171025_23:37:33:160 FATAL  User fatal log message
20171025_23:37:33:169 DEBUG  User debug log message
20171025_23:37:33:169  INFO  User info log message
20171025_23:37:33:225  WARN  User warn log message
20171025_23:37:33:233 ERROR  User error log message 
20171025_23:37:33:233 FATAL  User fatal log message
20171025_23:37:33:252 DEBUG  User debug log message
20171025_23:37:33:252  INFO  User info log message
20171025_23:37:33:267  WARN  User warn log message
20171025_23:37:33:267 ERROR  User error log message 
20171025_23:37:33:282 FATAL  User fatal log message
20171025_23:37:33:282 DEBUG  User debug log message
20171025_23:37:33:293  INFO  User info log message
20171025_23:37:33:293  WARN  User warn log message
20171025_23:37:33:309 ERROR  User error log message 
20171025_23:37:33:309 FATAL  User fatal log message
20171025_23:37:33:309 DEBUG  User debug log message
20171025_23:37:33:329  INFO  User info log message
20171025_23:37:33:329  WARN  User warn log message
20171025_23:37:33:343 ERROR  User error log message 
20171025_23:37:33:343 FATAL  User fatal log message
20171025_23:37:33:354 DEBUG  User debug log message
20171025_23:37:33:354  INFO  User info log message
20171025_23:37:33:354  WARN  User warn log message
20171025_23:37:33:373 ERROR  User error log message 
20171025_23:37:33:373 FATAL  User fatal log message
20171025_23:37:33:392 DEBUG  User debug log message
20171025_23:37:33:392  INFO  User info log message
20171025_23:37:33:404  WARN  User warn log message
20171025_23:37:33:404 ERROR  User error log message 
20171025_23:37:33:420 FATAL  User fatal log message
20171025_23:37:33:420 DEBUG  User debug log message
20171025_23:37:33:435  INFO  User info log message
20171025_23:37:33:435  WARN  User warn log message
20171025_23:37:33:448 ERROR  User error log message 
20171025_23:37:33:466 FATAL  User fatal log message
20171025_23:37:33:466 DEBUG  User debug log message
20171025_23:37:33:481  INFO  User info log message
20171025_23:37:33:481  WARN  User warn log message
20171025_23:37:33:495 ERROR  User error log message 
20171025_23:37:33:495 FATAL  User fatal log message
20171025_23:37:33:495 DEBUG  User debug log message
20171025_23:37:33:514  INFO  User info log message
20171025_23:37:33:514  WARN  User warn log message
